{"name": "Verify “Your cart is empty” message is shown for empty cart", "status": "broken", "statusDetails": {"message": "selenium.common.exceptions.TimeoutException: Message: Element by locator ('css selector', \"[data-test='boxEmptyMsg'] h1\") did not appear\nStacktrace:\n0   chromedriver                        0x0000000103346138 cxxbridge1$str$ptr + 3653888\n1   chromedriver                        0x000000010333e988 cxxbridge1$str$ptr + 3623248\n2   chromedriver                        0x0000000102da4968 cxxbridge1$string$len + 89228\n3   chromedriver                        0x0000000102de8d4c cxxbridge1$string$len + 368752\n4   chromedriver                        0x0000000102e224f0 cxxbridge1$string$len + 604180\n5   chromedriver                        0x0000000102ddd564 cxxbridge1$string$len + 321672\n6   chromedriver                        0x0000000102dde1b4 cxxbridge1$string$len + 324824\n7   chromedriver                        0x0000000103310fc0 cxxbridge1$str$ptr + 3436424\n8   chromedriver                        0x00000001033142dc cxxbridge1$str$ptr + 3449508\n9   chromedriver                        0x00000001032f7e60 cxxbridge1$str$ptr + 3333672\n10  chromedriver                        0x0000000103314b9c cxxbridge1$str$ptr + 3451748\n11  chromedriver                        0x00000001032e9678 cxxbridge1$str$ptr + 3274304\n12  chromedriver                        0x000000010332f2b4 cxxbridge1$str$ptr + 3560060\n13  chromedriver                        0x000000010332f430 cxxbridge1$str$ptr + 3560440\n14  chromedriver                        0x000000010333e5fc cxxbridge1$str$ptr + 3622340\n15  libsystem_pthread.dylib             0x000000019fb42f94 _pthread_start + 136\n16  libsystem_pthread.dylib             0x000000019fb3dd34 thread_start + 8\n\n", "trace": "  File \"/Users/alexkeck/python-selenium-automation/.venv/lib/python3.13/site-packages/behave/model.py\", line 1329, in run\n    match.run(runner.context)\n    ~~~~~~~~~^^^^^^^^^^^^^^^^\n  File \"/Users/alexkeck/python-selenium-automation/.venv/lib/python3.13/site-packages/behave/matchers.py\", line 98, in run\n    self.func(context, *args, **kwargs)\n    ~~~~~~~~~^^^^^^^^^^^^^^^^^^^^^^^^^^\n  File \"features/steps/cart_steps.py\", line 17, in verify_cart_empty\n    context.app.cart_page.verify_cart_empty()\n    ~~~~~~~~~~~~~~~~~~~~~~~~~~~~~~~~~~~~~~~^^\n  File \"/Users/alexkeck/python-selenium-automation/pages/cart_page.py\", line 19, in verify_cart_empty\n    self.wait_for_element_appear(*self.CART_EMPTY_TXT)\n    ~~~~~~~~~~~~~~~~~~~~~~~~~~~~^^^^^^^^^^^^^^^^^^^^^^\n  File \"/Users/alexkeck/python-selenium-automation/pages/base_page.py\", line 73, in wait_for_element_appear\n    self.wait.until(\n    ~~~~~~~~~~~~~~~^\n        EC.element_to_be_clickable(locator),\n        ^^^^^^^^^^^^^^^^^^^^^^^^^^^^^^^^^^^^\n        message=f'Element by locator {locator} did not appear'\n        ^^^^^^^^^^^^^^^^^^^^^^^^^^^^^^^^^^^^^^^^^^^^^^^^^^^^^^\n    ).click()\n    ^\n  File \"/Users/alexkeck/python-selenium-automation/.venv/lib/python3.13/site-packages/selenium/webdriver/support/wait.py\", line 105, in until\n    raise TimeoutException(message, screen, stacktrace)\n"}, "steps": [{"name": "Given Open target main page", "status": "passed", "start": 1736467752333, "stop": 1736467753098}, {"name": "When Click on Cart icon", "status": "passed", "start": 1736467753098, "stop": 1736467754684}, {"name": "Then Verify “Your cart is empty” message is shown", "status": "broken", "statusDetails": {"message": "selenium.common.exceptions.TimeoutException: Message: Element by locator ('css selector', \"[data-test='boxEmptyMsg'] h1\") did not appear\nStacktrace:\n0   chromedriver                        0x0000000103346138 cxxbridge1$str$ptr + 3653888\n1   chromedriver                        0x000000010333e988 cxxbridge1$str$ptr + 3623248\n2   chromedriver                        0x0000000102da4968 cxxbridge1$string$len + 89228\n3   chromedriver                        0x0000000102de8d4c cxxbridge1$string$len + 368752\n4   chromedriver                        0x0000000102e224f0 cxxbridge1$string$len + 604180\n5   chromedriver                        0x0000000102ddd564 cxxbridge1$string$len + 321672\n6   chromedriver                        0x0000000102dde1b4 cxxbridge1$string$len + 324824\n7   chromedriver                        0x0000000103310fc0 cxxbridge1$str$ptr + 3436424\n8   chromedriver                        0x00000001033142dc cxxbridge1$str$ptr + 3449508\n9   chromedriver                        0x00000001032f7e60 cxxbridge1$str$ptr + 3333672\n10  chromedriver                        0x0000000103314b9c cxxbridge1$str$ptr + 3451748\n11  chromedriver                        0x00000001032e9678 cxxbridge1$str$ptr + 3274304\n12  chromedriver                        0x000000010332f2b4 cxxbridge1$str$ptr + 3560060\n13  chromedriver                        0x000000010332f430 cxxbridge1$str$ptr + 3560440\n14  chromedriver                        0x000000010333e5fc cxxbridge1$str$ptr + 3622340\n15  libsystem_pthread.dylib             0x000000019fb42f94 _pthread_start + 136\n16  libsystem_pthread.dylib             0x000000019fb3dd34 thread_start + 8\n\n", "trace": "  File \"/Users/alexkeck/python-selenium-automation/.venv/lib/python3.13/site-packages/behave/model.py\", line 1329, in run\n    match.run(runner.context)\n    ~~~~~~~~~^^^^^^^^^^^^^^^^\n  File \"/Users/alexkeck/python-selenium-automation/.venv/lib/python3.13/site-packages/behave/matchers.py\", line 98, in run\n    self.func(context, *args, **kwargs)\n    ~~~~~~~~~^^^^^^^^^^^^^^^^^^^^^^^^^^\n  File \"features/steps/cart_steps.py\", line 17, in verify_cart_empty\n    context.app.cart_page.verify_cart_empty()\n    ~~~~~~~~~~~~~~~~~~~~~~~~~~~~~~~~~~~~~~~^^\n  File \"/Users/alexkeck/python-selenium-automation/pages/cart_page.py\", line 19, in verify_cart_empty\n    self.wait_for_element_appear(*self.CART_EMPTY_TXT)\n    ~~~~~~~~~~~~~~~~~~~~~~~~~~~~^^^^^^^^^^^^^^^^^^^^^^\n  File \"/Users/alexkeck/python-selenium-automation/pages/base_page.py\", line 73, in wait_for_element_appear\n    self.wait.until(\n    ~~~~~~~~~~~~~~~^\n        EC.element_to_be_clickable(locator),\n        ^^^^^^^^^^^^^^^^^^^^^^^^^^^^^^^^^^^^\n        message=f'Element by locator {locator} did not appear'\n        ^^^^^^^^^^^^^^^^^^^^^^^^^^^^^^^^^^^^^^^^^^^^^^^^^^^^^^\n    ).click()\n    ^\n  File \"/Users/alexkeck/python-selenium-automation/.venv/lib/python3.13/site-packages/selenium/webdriver/support/wait.py\", line 105, in until\n    raise TimeoutException(message, screen, stacktrace)\n"}, "start": 1736467754684, "stop": 1736467772895}], "start": 1736467745032, "stop": 1736467773015, "uuid": "c2845c37-d5a0-4219-a18d-823eb0131238", "historyId": "1142ccdecbf75c14ed62c5048896dfbb", "fullName": "Tests for cart functionality: Verify “Your cart is empty” message is shown for empty cart", "labels": [{"name": "severity", "value": "normal"}, {"name": "feature", "value": "Tests for cart functionality"}, {"name": "framework", "value": "behave"}, {"name": "language", "value": "cpython3"}]}