{"name": "User can search for a product on Target -- @1.2 ", "status": "broken", "statusDetails": {"message": "selenium.common.exceptions.NoSuchElementException: Message: no such element: Unable to locate element: {\"method\":\"xpath\",\"selector\":\"//div[@data-test='resultsHeading']\"}\n  (Session info: chrome=131.0.6778.265); For documentation on this error, please visit: https://www.selenium.dev/documentation/webdriver/troubleshooting/errors#no-such-element-exception\nStacktrace:\n0   chromedriver                        0x0000000104eee138 cxxbridge1$str$ptr + 3653888\n1   chromedriver                        0x0000000104ee6988 cxxbridge1$str$ptr + 3623248\n2   chromedriver                        0x000000010494c968 cxxbridge1$string$len + 89228\n3   chromedriver                        0x0000000104990d4c cxxbridge1$string$len + 368752\n4   chromedriver                        0x00000001049ca4f0 cxxbridge1$string$len + 604180\n5   chromedriver                        0x0000000104985564 cxxbridge1$string$len + 321672\n6   chromedriver                        0x00000001049861b4 cxxbridge1$string$len + 324824\n7   chromedriver                        0x0000000104eb8fc0 cxxbridge1$str$ptr + 3436424\n8   chromedriver                        0x0000000104ebc2dc cxxbridge1$str$ptr + 3449508\n9   chromedriver                        0x0000000104e9fe60 cxxbridge1$str$ptr + 3333672\n10  chromedriver                        0x0000000104ebcb9c cxxbridge1$str$ptr + 3451748\n11  chromedriver                        0x0000000104e91678 cxxbridge1$str$ptr + 3274304\n12  chromedriver                        0x0000000104ed72b4 cxxbridge1$str$ptr + 3560060\n13  chromedriver                        0x0000000104ed7430 cxxbridge1$str$ptr + 3560440\n14  chromedriver                        0x0000000104ee65fc cxxbridge1$str$ptr + 3622340\n15  libsystem_pthread.dylib             0x000000019fb42f94 _pthread_start + 136\n16  libsystem_pthread.dylib             0x000000019fb3dd34 thread_start + 8\n\n", "trace": "  File \"/Users/alexkeck/python-selenium-automation/.venv/lib/python3.13/site-packages/behave/model.py\", line 1329, in run\n    match.run(runner.context)\n    ~~~~~~~~~^^^^^^^^^^^^^^^^\n  File \"/Users/alexkeck/python-selenium-automation/.venv/lib/python3.13/site-packages/behave/matchers.py\", line 98, in run\n    self.func(context, *args, **kwargs)\n    ~~~~~~~~~^^^^^^^^^^^^^^^^^^^^^^^^^^\n  File \"features/steps/search_results_steps.py\", line 37, in verify_search_results\n    context.app.search_results_page.verify_search_results(expected_product)\n    ~~~~~~~~~~~~~~~~~~~~~~~~~~~~~~~~~~~~~~~~~~~~~~~~~~~~~^^^^^^^^^^^^^^^^^^\n  File \"/Users/alexkeck/python-selenium-automation/pages/search_results_page.py\", line 20, in verify_search_results\n    self.verify_partial_text(expected_product, *self.SEARCH_RESULTS_TXT)\n    ~~~~~~~~~~~~~~~~~~~~~~~~^^^^^^^^^^^^^^^^^^^^^^^^^^^^^^^^^^^^^^^^^^^^\n  File \"/Users/alexkeck/python-selenium-automation/pages/base_page.py\", line 91, in verify_partial_text\n    actual_text = self.driver.find_element(*locator).text\n                  ~~~~~~~~~~~~~~~~~~~~~~~~^^^^^^^^^^\n  File \"/Users/alexkeck/python-selenium-automation/.venv/lib/python3.13/site-packages/selenium/webdriver/remote/webdriver.py\", line 748, in find_element\n    return self.execute(Command.FIND_ELEMENT, {\"using\": by, \"value\": value})[\"value\"]\n           ~~~~~~~~~~~~^^^^^^^^^^^^^^^^^^^^^^^^^^^^^^^^^^^^^^^^^^^^^^^^^^^^^\n  File \"/Users/alexkeck/python-selenium-automation/.venv/lib/python3.13/site-packages/selenium/webdriver/remote/webdriver.py\", line 354, in execute\n    self.error_handler.check_response(response)\n    ~~~~~~~~~~~~~~~~~~~~~~~~~~~~~~~~~^^^^^^^^^^\n  File \"/Users/alexkeck/python-selenium-automation/.venv/lib/python3.13/site-packages/selenium/webdriver/remote/errorhandler.py\", line 229, in check_response\n    raise exception_class(message, screen, stacktrace)\n"}, "steps": [{"name": "Given Open Target main page", "status": "passed", "start": 1736467845368, "stop": 1736467846048}, {"name": "When Search for iphone", "status": "passed", "start": 1736467846049, "stop": 1736467847149}, {"name": "Then Verify search results shown for iphone", "status": "broken", "statusDetails": {"message": "selenium.common.exceptions.NoSuchElementException: Message: no such element: Unable to locate element: {\"method\":\"xpath\",\"selector\":\"//div[@data-test='resultsHeading']\"}\n  (Session info: chrome=131.0.6778.265); For documentation on this error, please visit: https://www.selenium.dev/documentation/webdriver/troubleshooting/errors#no-such-element-exception\nStacktrace:\n0   chromedriver                        0x0000000104eee138 cxxbridge1$str$ptr + 3653888\n1   chromedriver                        0x0000000104ee6988 cxxbridge1$str$ptr + 3623248\n2   chromedriver                        0x000000010494c968 cxxbridge1$string$len + 89228\n3   chromedriver                        0x0000000104990d4c cxxbridge1$string$len + 368752\n4   chromedriver                        0x00000001049ca4f0 cxxbridge1$string$len + 604180\n5   chromedriver                        0x0000000104985564 cxxbridge1$string$len + 321672\n6   chromedriver                        0x00000001049861b4 cxxbridge1$string$len + 324824\n7   chromedriver                        0x0000000104eb8fc0 cxxbridge1$str$ptr + 3436424\n8   chromedriver                        0x0000000104ebc2dc cxxbridge1$str$ptr + 3449508\n9   chromedriver                        0x0000000104e9fe60 cxxbridge1$str$ptr + 3333672\n10  chromedriver                        0x0000000104ebcb9c cxxbridge1$str$ptr + 3451748\n11  chromedriver                        0x0000000104e91678 cxxbridge1$str$ptr + 3274304\n12  chromedriver                        0x0000000104ed72b4 cxxbridge1$str$ptr + 3560060\n13  chromedriver                        0x0000000104ed7430 cxxbridge1$str$ptr + 3560440\n14  chromedriver                        0x0000000104ee65fc cxxbridge1$str$ptr + 3622340\n15  libsystem_pthread.dylib             0x000000019fb42f94 _pthread_start + 136\n16  libsystem_pthread.dylib             0x000000019fb3dd34 thread_start + 8\n\n", "trace": "  File \"/Users/alexkeck/python-selenium-automation/.venv/lib/python3.13/site-packages/behave/model.py\", line 1329, in run\n    match.run(runner.context)\n    ~~~~~~~~~^^^^^^^^^^^^^^^^\n  File \"/Users/alexkeck/python-selenium-automation/.venv/lib/python3.13/site-packages/behave/matchers.py\", line 98, in run\n    self.func(context, *args, **kwargs)\n    ~~~~~~~~~^^^^^^^^^^^^^^^^^^^^^^^^^^\n  File \"features/steps/search_results_steps.py\", line 37, in verify_search_results\n    context.app.search_results_page.verify_search_results(expected_product)\n    ~~~~~~~~~~~~~~~~~~~~~~~~~~~~~~~~~~~~~~~~~~~~~~~~~~~~~^^^^^^^^^^^^^^^^^^\n  File \"/Users/alexkeck/python-selenium-automation/pages/search_results_page.py\", line 20, in verify_search_results\n    self.verify_partial_text(expected_product, *self.SEARCH_RESULTS_TXT)\n    ~~~~~~~~~~~~~~~~~~~~~~~~^^^^^^^^^^^^^^^^^^^^^^^^^^^^^^^^^^^^^^^^^^^^\n  File \"/Users/alexkeck/python-selenium-automation/pages/base_page.py\", line 91, in verify_partial_text\n    actual_text = self.driver.find_element(*locator).text\n                  ~~~~~~~~~~~~~~~~~~~~~~~~^^^^^^^^^^\n  File \"/Users/alexkeck/python-selenium-automation/.venv/lib/python3.13/site-packages/selenium/webdriver/remote/webdriver.py\", line 748, in find_element\n    return self.execute(Command.FIND_ELEMENT, {\"using\": by, \"value\": value})[\"value\"]\n           ~~~~~~~~~~~~^^^^^^^^^^^^^^^^^^^^^^^^^^^^^^^^^^^^^^^^^^^^^^^^^^^^^\n  File \"/Users/alexkeck/python-selenium-automation/.venv/lib/python3.13/site-packages/selenium/webdriver/remote/webdriver.py\", line 354, in execute\n    self.error_handler.check_response(response)\n    ~~~~~~~~~~~~~~~~~~~~~~~~~~~~~~~~~^^^^^^^^^^\n  File \"/Users/alexkeck/python-selenium-automation/.venv/lib/python3.13/site-packages/selenium/webdriver/remote/errorhandler.py\", line 229, in check_response\n    raise exception_class(message, screen, stacktrace)\n"}, "start": 1736467847149, "stop": 1736467851199}, {"name": "And Verify correct search results URL opens for iphone", "status": "skipped", "start": 1736467851313, "stop": 1736467851313}], "parameters": [{"name": "product", "value": "iphone"}, {"name": "expected_result", "value": "iphone"}], "start": 1736467843789, "stop": 1736467851313, "uuid": "70e48a22-d969-414e-b0ad-206fa9ed7c93", "historyId": "b1a672b952f96c2316ad5a261fe39eb1", "fullName": "Target search tests: User can search for a product on Target", "labels": [{"name": "severity", "value": "normal"}, {"name": "feature", "value": "Target search tests"}, {"name": "framework", "value": "behave"}, {"name": "language", "value": "cpython3"}]}