{"name": "User can add a product to cart", "status": "broken", "statusDetails": {"message": "selenium.common.exceptions.TimeoutException: Message: \nStacktrace:\n0   chromedriver                        0x0000000102e0a138 cxxbridge1$str$ptr + 3653888\n1   chromedriver                        0x0000000102e02988 cxxbridge1$str$ptr + 3623248\n2   chromedriver                        0x0000000102868968 cxxbridge1$string$len + 89228\n3   chromedriver                        0x00000001028acd4c cxxbridge1$string$len + 368752\n4   chromedriver                        0x00000001028e64f0 cxxbridge1$string$len + 604180\n5   chromedriver                        0x00000001028a1564 cxxbridge1$string$len + 321672\n6   chromedriver                        0x00000001028a21b4 cxxbridge1$string$len + 324824\n7   chromedriver                        0x0000000102dd4fc0 cxxbridge1$str$ptr + 3436424\n8   chromedriver                        0x0000000102dd82dc cxxbridge1$str$ptr + 3449508\n9   chromedriver                        0x0000000102dbbe60 cxxbridge1$str$ptr + 3333672\n10  chromedriver                        0x0000000102dd8b9c cxxbridge1$str$ptr + 3451748\n11  chromedriver                        0x0000000102dad678 cxxbridge1$str$ptr + 3274304\n12  chromedriver                        0x0000000102df32b4 cxxbridge1$str$ptr + 3560060\n13  chromedriver                        0x0000000102df3430 cxxbridge1$str$ptr + 3560440\n14  chromedriver                        0x0000000102e025fc cxxbridge1$str$ptr + 3622340\n15  libsystem_pthread.dylib             0x000000019fb42f94 _pthread_start + 136\n16  libsystem_pthread.dylib             0x000000019fb3dd34 thread_start + 8\n\n", "trace": "  File \"/Users/alexkeck/python-selenium-automation/.venv/lib/python3.13/site-packages/behave/model.py\", line 1329, in run\n    match.run(runner.context)\n    ~~~~~~~~~^^^^^^^^^^^^^^^^\n  File \"/Users/alexkeck/python-selenium-automation/.venv/lib/python3.13/site-packages/behave/matchers.py\", line 98, in run\n    self.func(context, *args, **kwargs)\n    ~~~~~~~~~^^^^^^^^^^^^^^^^^^^^^^^^^^\n  File \"features/steps/search_results_steps.py\", line 15, in click_add_to_cart\n    context.app.cart_page.click_add_to_cart()\n    ~~~~~~~~~~~~~~~~~~~~~~~~~~~~~~~~~~~~~~~^^\n  File \"/Users/alexkeck/python-selenium-automation/pages/cart_page.py\", line 33, in click_add_to_cart\n    self.driver.wait.until(EC.element_to_be_clickable(self.ADD_TO_CART_BTN)).click()   # always clicks on 1st Add to cart btn\n    ~~~~~~~~~~~~~~~~~~~~~~^^^^^^^^^^^^^^^^^^^^^^^^^^^^^^^^^^^^^^^^^^^^^^^^^^\n  File \"/Users/alexkeck/python-selenium-automation/.venv/lib/python3.13/site-packages/selenium/webdriver/support/wait.py\", line 105, in until\n    raise TimeoutException(message, screen, stacktrace)\n"}, "steps": [{"name": "Given Open Target main page", "status": "passed", "start": 1736467860640, "stop": 1736467861391}, {"name": "When Search for persil", "status": "passed", "start": 1736467861391, "stop": 1736467862361}, {"name": "And Click on Add to Cart button", "status": "broken", "statusDetails": {"message": "selenium.common.exceptions.TimeoutException: Message: \nStacktrace:\n0   chromedriver                        0x0000000102e0a138 cxxbridge1$str$ptr + 3653888\n1   chromedriver                        0x0000000102e02988 cxxbridge1$str$ptr + 3623248\n2   chromedriver                        0x0000000102868968 cxxbridge1$string$len + 89228\n3   chromedriver                        0x00000001028acd4c cxxbridge1$string$len + 368752\n4   chromedriver                        0x00000001028e64f0 cxxbridge1$string$len + 604180\n5   chromedriver                        0x00000001028a1564 cxxbridge1$string$len + 321672\n6   chromedriver                        0x00000001028a21b4 cxxbridge1$string$len + 324824\n7   chromedriver                        0x0000000102dd4fc0 cxxbridge1$str$ptr + 3436424\n8   chromedriver                        0x0000000102dd82dc cxxbridge1$str$ptr + 3449508\n9   chromedriver                        0x0000000102dbbe60 cxxbridge1$str$ptr + 3333672\n10  chromedriver                        0x0000000102dd8b9c cxxbridge1$str$ptr + 3451748\n11  chromedriver                        0x0000000102dad678 cxxbridge1$str$ptr + 3274304\n12  chromedriver                        0x0000000102df32b4 cxxbridge1$str$ptr + 3560060\n13  chromedriver                        0x0000000102df3430 cxxbridge1$str$ptr + 3560440\n14  chromedriver                        0x0000000102e025fc cxxbridge1$str$ptr + 3622340\n15  libsystem_pthread.dylib             0x000000019fb42f94 _pthread_start + 136\n16  libsystem_pthread.dylib             0x000000019fb3dd34 thread_start + 8\n\n", "trace": "  File \"/Users/alexkeck/python-selenium-automation/.venv/lib/python3.13/site-packages/behave/model.py\", line 1329, in run\n    match.run(runner.context)\n    ~~~~~~~~~^^^^^^^^^^^^^^^^\n  File \"/Users/alexkeck/python-selenium-automation/.venv/lib/python3.13/site-packages/behave/matchers.py\", line 98, in run\n    self.func(context, *args, **kwargs)\n    ~~~~~~~~~^^^^^^^^^^^^^^^^^^^^^^^^^^\n  File \"features/steps/search_results_steps.py\", line 15, in click_add_to_cart\n    context.app.cart_page.click_add_to_cart()\n    ~~~~~~~~~~~~~~~~~~~~~~~~~~~~~~~~~~~~~~~^^\n  File \"/Users/alexkeck/python-selenium-automation/pages/cart_page.py\", line 33, in click_add_to_cart\n    self.driver.wait.until(EC.element_to_be_clickable(self.ADD_TO_CART_BTN)).click()   # always clicks on 1st Add to cart btn\n    ~~~~~~~~~~~~~~~~~~~~~~^^^^^^^^^^^^^^^^^^^^^^^^^^^^^^^^^^^^^^^^^^^^^^^^^^\n  File \"/Users/alexkeck/python-selenium-automation/.venv/lib/python3.13/site-packages/selenium/webdriver/support/wait.py\", line 105, in until\n    raise TimeoutException(message, screen, stacktrace)\n"}, "start": 1736467862362, "stop": 1736467885597}, {"name": "And Store product name", "status": "skipped", "start": 1736467885721, "stop": 1736467885721}, {"name": "And Confirm Add to Cart button from side navigation", "status": "skipped", "start": 1736467885721, "stop": 1736467885721}, {"name": "And Open cart page", "status": "skipped", "start": 1736467885721, "stop": 1736467885721}, {"name": "Then Verify that cart has 1 item(s)", "status": "skipped", "start": 1736467885721, "stop": 1736467885721}, {"name": "And Verify cart has correct product", "status": "skipped", "start": 1736467885721, "stop": 1736467885721}], "start": 1736467859013, "stop": 1736467885721, "uuid": "6338bc67-3fb2-474b-a3bd-823a7369aac3", "historyId": "8aeaa8288b8631032164fc66c4e3c4f4", "fullName": "Target search tests: User can add a product to cart", "labels": [{"name": "severity", "value": "normal"}, {"name": "feature", "value": "Target search tests"}, {"name": "framework", "value": "behave"}, {"name": "language", "value": "cpython3"}]}